<?xml version="1.0" encoding="UTF-8"?>
<testsuite xmlns:xsi="http://www.w3.org/2001/XMLSchema-instance" xsi:noNamespaceSchemaLocation="https://maven.apache.org/surefire/maven-surefire-plugin/xsd/surefire-test-report.xsd" name="org.echodigital.kafkajava.AppTest" time="0.019" tests="1" errors="0" skipped="0" failures="0">
  <properties>
    <property name="sun.desktop" value="gnome"/>
    <property name="awt.toolkit" value="sun.awt.X11.XToolkit"/>
    <property name="file.encoding.pkg" value="sun.io"/>
    <property name="java.specification.version" value="1.8"/>
    <property name="sun.cpu.isalist" value=""/>
    <property name="sun.jnu.encoding" value="UTF-8"/>
    <property name="java.class.path" value="/media/deus/Workspace1/Echo/Kafka-demo/kafka-tweets/target/test-classes:/media/deus/Workspace1/Echo/Kafka-demo/kafka-tweets/target/classes:/home/deus/.m2/repository/junit/junit/4.11/junit-4.11.jar:/home/deus/.m2/repository/org/hamcrest/hamcrest-core/1.3/hamcrest-core-1.3.jar:/home/deus/.m2/repository/org/apache/kafka/kafka-clients/2.2.1/kafka-clients-2.2.1.jar:/home/deus/.m2/repository/com/github/luben/zstd-jni/1.3.8-1/zstd-jni-1.3.8-1.jar:/home/deus/.m2/repository/org/lz4/lz4-java/1.5.0/lz4-java-1.5.0.jar:/home/deus/.m2/repository/org/xerial/snappy/snappy-java/1.1.7.2/snappy-java-1.1.7.2.jar:/home/deus/.m2/repository/org/slf4j/slf4j-api/1.7.25/slf4j-api-1.7.25.jar:/home/deus/.m2/repository/org/slf4j/slf4j-simple/1.7.25/slf4j-simple-1.7.25.jar:/home/deus/.m2/repository/com/twitter/hbc-core/2.2.0/hbc-core-2.2.0.jar:/home/deus/.m2/repository/org/apache/httpcomponents/httpclient/4.2.5/httpclient-4.2.5.jar:/home/deus/.m2/repository/org/apache/httpcomponents/httpcore/4.2.4/httpcore-4.2.4.jar:/home/deus/.m2/repository/commons-logging/commons-logging/1.1.1/commons-logging-1.1.1.jar:/home/deus/.m2/repository/commons-codec/commons-codec/1.6/commons-codec-1.6.jar:/home/deus/.m2/repository/com/google/guava/guava/14.0.1/guava-14.0.1.jar:/home/deus/.m2/repository/com/twitter/joauth/6.0.2/joauth-6.0.2.jar:/home/deus/.m2/repository/com/google/code/findbugs/jsr305/1.3.9/jsr305-1.3.9.jar:"/>
    <property name="java.vm.vendor" value="Oracle Corporation"/>
    <property name="sun.arch.data.model" value="64"/>
    <property name="java.vendor.url" value="http://java.oracle.com/"/>
    <property name="user.timezone" value=""/>
    <property name="java.vm.specification.version" value="1.8"/>
    <property name="os.name" value="Linux"/>
    <property name="user.country" value="US"/>
    <property name="sun.java.launcher" value="SUN_STANDARD"/>
    <property name="sun.boot.library.path" value="/usr/lib/jvm/java-8-oracle/jre/lib/amd64"/>
    <property name="sun.java.command" value="/media/deus/Workspace1/Echo/Kafka-demo/kafka-tweets/target/surefire/surefirebooter3488414598337115959.jar /media/deus/Workspace1/Echo/Kafka-demo/kafka-tweets/target/surefire 2019-12-09T13-51-15_507-jvmRun1 surefire5915110097839050305tmp surefire_04195675152051494916tmp"/>
    <property name="surefire.test.class.path" value="/media/deus/Workspace1/Echo/Kafka-demo/kafka-tweets/target/test-classes:/media/deus/Workspace1/Echo/Kafka-demo/kafka-tweets/target/classes:/home/deus/.m2/repository/junit/junit/4.11/junit-4.11.jar:/home/deus/.m2/repository/org/hamcrest/hamcrest-core/1.3/hamcrest-core-1.3.jar:/home/deus/.m2/repository/org/apache/kafka/kafka-clients/2.2.1/kafka-clients-2.2.1.jar:/home/deus/.m2/repository/com/github/luben/zstd-jni/1.3.8-1/zstd-jni-1.3.8-1.jar:/home/deus/.m2/repository/org/lz4/lz4-java/1.5.0/lz4-java-1.5.0.jar:/home/deus/.m2/repository/org/xerial/snappy/snappy-java/1.1.7.2/snappy-java-1.1.7.2.jar:/home/deus/.m2/repository/org/slf4j/slf4j-api/1.7.25/slf4j-api-1.7.25.jar:/home/deus/.m2/repository/org/slf4j/slf4j-simple/1.7.25/slf4j-simple-1.7.25.jar:/home/deus/.m2/repository/com/twitter/hbc-core/2.2.0/hbc-core-2.2.0.jar:/home/deus/.m2/repository/org/apache/httpcomponents/httpclient/4.2.5/httpclient-4.2.5.jar:/home/deus/.m2/repository/org/apache/httpcomponents/httpcore/4.2.4/httpcore-4.2.4.jar:/home/deus/.m2/repository/commons-logging/commons-logging/1.1.1/commons-logging-1.1.1.jar:/home/deus/.m2/repository/commons-codec/commons-codec/1.6/commons-codec-1.6.jar:/home/deus/.m2/repository/com/google/guava/guava/14.0.1/guava-14.0.1.jar:/home/deus/.m2/repository/com/twitter/joauth/6.0.2/joauth-6.0.2.jar:/home/deus/.m2/repository/com/google/code/findbugs/jsr305/1.3.9/jsr305-1.3.9.jar:"/>
    <property name="sun.cpu.endian" value="little"/>
    <property name="user.home" value="/home/deus"/>
    <property name="user.language" value="en"/>
    <property name="java.specification.vendor" value="Oracle Corporation"/>
    <property name="java.home" value="/usr/lib/jvm/java-8-oracle/jre"/>
    <property name="basedir" value="/media/deus/Workspace1/Echo/Kafka-demo/kafka-tweets"/>
    <property name="file.separator" value="/"/>
    <property name="line.separator" value="&#10;"/>
    <property name="java.vm.specification.vendor" value="Oracle Corporation"/>
    <property name="java.specification.name" value="Java Platform API Specification"/>
    <property name="java.awt.graphicsenv" value="sun.awt.X11GraphicsEnvironment"/>
    <property name="surefire.real.class.path" value="/media/deus/Workspace1/Echo/Kafka-demo/kafka-tweets/target/surefire/surefirebooter3488414598337115959.jar"/>
    <property name="sun.boot.class.path" value="/usr/lib/jvm/java-8-oracle/jre/lib/resources.jar:/usr/lib/jvm/java-8-oracle/jre/lib/rt.jar:/usr/lib/jvm/java-8-oracle/jre/lib/sunrsasign.jar:/usr/lib/jvm/java-8-oracle/jre/lib/jsse.jar:/usr/lib/jvm/java-8-oracle/jre/lib/jce.jar:/usr/lib/jvm/java-8-oracle/jre/lib/charsets.jar:/usr/lib/jvm/java-8-oracle/jre/lib/jfr.jar:/usr/lib/jvm/java-8-oracle/jre/classes"/>
    <property name="sun.management.compiler" value="HotSpot 64-Bit Tiered Compilers"/>
    <property name="java.runtime.version" value="1.8.0_181-b13"/>
    <property name="user.name" value="deus"/>
    <property name="path.separator" value=":"/>
    <property name="os.version" value="4.15.0-30-generic"/>
    <property name="java.endorsed.dirs" value="/usr/lib/jvm/java-8-oracle/jre/lib/endorsed"/>
    <property name="java.runtime.name" value="Java(TM) SE Runtime Environment"/>
    <property name="file.encoding" value="UTF-8"/>
    <property name="java.vm.name" value="Java HotSpot(TM) 64-Bit Server VM"/>
    <property name="localRepository" value="/home/deus/.m2/repository"/>
    <property name="java.vendor.url.bug" value="http://bugreport.sun.com/bugreport/"/>
    <property name="java.io.tmpdir" value="/tmp"/>
    <property name="java.version" value="1.8.0_181"/>
    <property name="user.dir" value="/media/deus/Workspace1/Echo/Kafka-demo/kafka-tweets"/>
    <property name="os.arch" value="amd64"/>
    <property name="java.vm.specification.name" value="Java Virtual Machine Specification"/>
    <property name="java.awt.printerjob" value="sun.print.PSPrinterJob"/>
    <property name="sun.os.patch.level" value="unknown"/>
    <property name="java.library.path" value="/usr/java/packages/lib/amd64:/usr/lib64:/lib64:/lib:/usr/lib"/>
    <property name="java.vm.info" value="mixed mode"/>
    <property name="java.vendor" value="Oracle Corporation"/>
    <property name="java.vm.version" value="25.181-b13"/>
    <property name="java.ext.dirs" value="/usr/lib/jvm/java-8-oracle/jre/lib/ext:/usr/java/packages/lib/ext"/>
    <property name="sun.io.unicode.encoding" value="UnicodeLittle"/>
    <property name="java.class.version" value="52.0"/>
  </properties>
  <testcase name="shouldAnswerWithTrue" classname="org.echodigital.kafkajava.AppTest" time="0.002"/>
</testsuite>